<?xml version="1.0" encoding="UTF-8"?>
<!-- Generated by org.testng.reporters.JUnitReportReporter -->
<testsuite hostname="BG-PW08G2P5" failures="0" tests="1" name="tests.LoginErrorValidationTest" time="8.124" errors="0" timestamp="2025-01-21T11:50:12 EET" skipped="0">
  <testcase classname="tests.LoginErrorValidationTest" name="incorrectCred" time="8.124"/>
</testsuite> <!-- tests.LoginErrorValidationTest -->
