<?xml version="1.0" encoding="UTF-8"?>
<!-- Generated by org.testng.reporters.JUnitReportReporter -->
<testsuite hostname="BG-PW08G2P5" failures="0" tests="1" name="tests.LoginErrorValidationTest" time="9.012" errors="0" timestamp="2025-01-21T12:25:35 EET" skipped="0">
  <testcase classname="tests.LoginErrorValidationTest" name="incorrectCred" time="9.012"/>
</testsuite> <!-- tests.LoginErrorValidationTest -->
