<?xml version="1.0" encoding="UTF-8"?>
<!-- Generated by org.testng.reporters.JUnitReportReporter -->
<testsuite hostname="BG-PW08G2P5" failures="0" tests="3" name="tests.SubmitOrderTest" time="40.839" errors="0" timestamp="2025-01-21T11:50:12 EET" skipped="0">
  <testcase classname="tests.SubmitOrderTest" name="submitOrder" time="17.085"/>
  <testcase classname="tests.SubmitOrderTest" name="orderHistory" time="6.706"/>
  <testcase classname="tests.SubmitOrderTest" name="submitOrder" time="17.048"/>
</testsuite> <!-- tests.SubmitOrderTest -->
